

 SMP  ⏱  
General output time took 6 mins, 35.99 secs

 SMP  ⏱  Plugins
UglifyJsPlugin took 4 mins, 4.55 secs
ExtractTextPlugin took 26.25 secs
CopyPlugin took 0.684 secs
AssetsWebpackPlugin took 0.614 secs
LoaderOptionsPlugin took 0.433 secs
DefinePlugin took 0 secs

 SMP  ⏱  Loaders
modules with no loaders took 1 min, 19.89 secs
  module count = 386
babel-loader took 1 min, 8.13 secs
  module count = 20
expose-loader took 29.59 secs
  module count = 5
expose-loader, and 
expose-loader, and 
script-loader took 10.083 secs
  module count = 2
imports-loader took 1.042 secs
  module count = 3
raw-loader took 0.239 secs
  module count = 1
file-loader took 0.127 secs
  module count = 5
expose-loader, and 
babel-loader took 0.041 secs
  module count = 1
script-loader took 0.004 secs
  module count = 1



