

 SMP  ⏱  
General output time took 7 mins, 6.15 secs

 SMP  ⏱  Plugins
UglifyJsPlugin took 3 mins, 12.51 secs
ExtractTextPlugin took 53.99 secs
LoaderOptionsPlugin took 1.65 secs
CopyPlugin took 0.323 secs
AssetsWebpackPlugin took 0.132 secs
DefinePlugin took 0.002 secs

 SMP  ⏱  Loaders
modules with no loaders took 3 mins, 18.37 secs
  module count = 858
expose-loader took 3 mins, 13.78 secs
  module count = 10
string-replace-webpack-plugin, and 
cache-loader, and 
css-loader, and 
postcss-loader, and 
sass-loader took 2 mins, 31.28 secs
  module count = 1
cache-loader, and 
css-loader, and 
postcss-loader, and 
sass-loader took 2 mins, 30.68 secs
  module count = 14
expose-loader, and 
expose-loader, and 
script-loader took 2 mins, 11.62 secs
  module count = 2
expose-loader, and 
babel-loader, and 
eslint-loader took 2 mins, 11.04 secs
  module count = 1
babel-loader, and 
eslint-loader took 2 mins, 6.93 secs
  module count = 100
extract-text-webpack-plugin, and 
style-loader, and 
string-replace-webpack-plugin, and 
cache-loader, and 
css-loader, and 
postcss-loader, and 
sass-loader took 1 min, 41.7 secs
  module count = 1
extract-text-webpack-plugin, and 
style-loader, and 
cache-loader, and 
css-loader, and 
postcss-loader, and 
sass-loader took 1 min, 21.1 secs
  module count = 14
raw-loader, and 
babel-loader, and 
eslint-loader took 58.21 secs
  module count = 3
extract-text-webpack-plugin, and 
style-loader, and 
css-loader took 46.85 secs
  module count = 14
ngtemplate-loader, and 
html-loader took 42.11 secs
  module count = 76
css-loader took 7.68 secs
  module count = 43
file-loader took 4.74 secs
  module count = 70
imports-loader took 3.88 secs
  module count = 3
raw-loader took 1.73 secs
  module count = 1
script-loader, and 
babel-loader, and 
eslint-loader took 0.007 secs
  module count = 3
script-loader took 0.002 secs
  module count = 1



